<?xml version="1.0" encoding="UTF-8"?>
<!-- Generated by org.testng.reporters.JUnitXMLReporter -->
<testsuite hostname="SST-LAP-LEN0025" ignored="0" name="TestCases" tests="3" failures="0" timestamp="05 Apr 2018 00:08:34 GMT" time="149.771" errors="0">
  <testcase name="shouldThrowAnErrorIfSignInDetailsAreMissing" time="50.175" classname="TestCases.SignInTest"/>
  <testcase name="shouldBeAbleToSearchForHotels" time="48.662" classname="TestCases.HotelBookingTest"/>
  <testcase name="testThatResultsAppearForAOneWayJourney" time="50.824" classname="TestCases.FlightBookingTest"/>
</testsuite> <!-- TestCases -->
