<?xml version="1.0" encoding="UTF-8"?>
<testsuite xmlns:xsi="http://www.w3.org/2001/XMLSchema-instance" xsi:noNamespaceSchemaLocation="https://maven.apache.org/surefire/maven-surefire-plugin/xsd/surefire-test-report.xsd" name="TestSuite" time="153.963" tests="3" errors="0" skipped="0" failures="0">
  <properties>
[...]
</properties>
  <testcase name="shouldThrowAnErrorIfSignInDetailsAreMissing" classname="TestCases.SignInTest" time="50.175"/>
  <testcase name="shouldBeAbleToSearchForHotels" classname="TestCases.HotelBookingTest" time="48.662"/>
  <testcase name="testThatResultsAppearForAOneWayJourney" classname="TestCases.FlightBookingTest" time="50.824"/>
</testsuite>